  Kaynak.cpp
C:\Users\Mustafa\source\repos\komee\komee\Kaynak.cpp(35,17): warning C4018: '<': imzalı/imzasız uyuşmazlığı
C:\Users\Mustafa\source\repos\komee\komee\Kaynak.cpp(55,20): warning C4018: '<': imzalı/imzasız uyuşmazlığı
C:\Users\Mustafa\source\repos\komee\komee\Kaynak.cpp(139,20): warning C4018: '<': imzalı/imzasız uyuşmazlığı
C:\Users\Mustafa\source\repos\komee\komee\Kaynak.cpp(181,27): warning C4018: '<': imzalı/imzasız uyuşmazlığı
C:\Users\Mustafa\source\repos\komee\komee\Kaynak.cpp(222,20): warning C4018: '<': imzalı/imzasız uyuşmazlığı
C:\Users\Mustafa\source\repos\komee\komee\Kaynak.cpp(265,26): warning C4018: '<': imzalı/imzasız uyuşmazlığı
C:\Users\Mustafa\source\repos\komee\komee\Kaynak.cpp(315,20): warning C4018: '<': imzalı/imzasız uyuşmazlığı
C:\Users\Mustafa\source\repos\komee\komee\Kaynak.cpp(333,22): warning C4018: '<': imzalı/imzasız uyuşmazlığı
C:\Users\Mustafa\source\repos\komee\komee\Kaynak.cpp(349,20): warning C4018: '<': imzalı/imzasız uyuşmazlığı
C:\Users\Mustafa\source\repos\komee\komee\Kaynak.cpp(394,20): warning C4018: '<': imzalı/imzasız uyuşmazlığı
C:\Users\Mustafa\source\repos\komee\komee\Kaynak.cpp(403,26): warning C4018: '<': imzalı/imzasız uyuşmazlığı
C:\Users\Mustafa\source\repos\komee\komee\Kaynak.cpp(407,22): warning C4018: '<': imzalı/imzasız uyuşmazlığı
C:\Users\Mustafa\source\repos\komee\komee\Kaynak.cpp(433,20): warning C4018: '<': imzalı/imzasız uyuşmazlığı
C:\Users\Mustafa\source\repos\komee\komee\Kaynak.cpp(441,26): warning C4018: '<': imzalı/imzasız uyuşmazlığı
C:\Users\Mustafa\source\repos\komee\komee\Kaynak.cpp(459,26): warning C4018: '<': imzalı/imzasız uyuşmazlığı
C:\Users\Mustafa\source\repos\komee\komee\Kaynak.cpp(473,20): warning C4018: '<': imzalı/imzasız uyuşmazlığı
C:\Users\Mustafa\source\repos\komee\komee\Kaynak.cpp(481,26): warning C4018: '<': imzalı/imzasız uyuşmazlığı
C:\Users\Mustafa\source\repos\komee\komee\Kaynak.cpp(499,26): warning C4018: '<': imzalı/imzasız uyuşmazlığı
C:\Users\Mustafa\source\repos\komee\komee\Kaynak.cpp(558,20): warning C4018: '<': imzalı/imzasız uyuşmazlığı
C:\Users\Mustafa\source\repos\komee\komee\Kaynak.cpp(574,21): warning C4018: '<': imzalı/imzasız uyuşmazlığı
C:\Users\Mustafa\source\repos\komee\komee\Kaynak.cpp(586,20): warning C4018: '<': imzalı/imzasız uyuşmazlığı
C:\Users\Mustafa\source\repos\komee\komee\Kaynak.cpp(596,25): warning C4018: '<': imzalı/imzasız uyuşmazlığı
C:\Users\Mustafa\source\repos\komee\komee\Kaynak.cpp(616,26): warning C4018: '<': imzalı/imzasız uyuşmazlığı
C:\Users\Mustafa\source\repos\komee\komee\Kaynak.cpp(633,35): warning C4018: '<': imzalı/imzasız uyuşmazlığı
C:\Users\Mustafa\source\repos\komee\komee\Kaynak.cpp(646,20): warning C4018: '<': imzalı/imzasız uyuşmazlığı
C:\Users\Mustafa\source\repos\komee\komee\Kaynak.cpp(669,27): warning C4018: '<': imzalı/imzasız uyuşmazlığı
C:\Users\Mustafa\source\repos\komee\komee\Kaynak.cpp(674,23): warning C4018: '<': imzalı/imzasız uyuşmazlığı
C:\Users\Mustafa\source\repos\komee\komee\Kaynak.cpp(700,23): warning C4018: '<': imzalı/imzasız uyuşmazlığı
C:\Users\Mustafa\source\repos\komee\komee\Kaynak.cpp(722,34): warning C4018: '<': imzalı/imzasız uyuşmazlığı
C:\Users\Mustafa\source\repos\komee\komee\Kaynak.cpp(735,24): warning C4018: '<': imzalı/imzasız uyuşmazlığı
C:\Users\Mustafa\source\repos\komee\komee\Kaynak.cpp(774,33): warning C4018: '<': imzalı/imzasız uyuşmazlığı
C:\Users\Mustafa\source\repos\komee\komee\Kaynak.cpp(804,22): warning C4018: '<': imzalı/imzasız uyuşmazlığı
C:\Users\Mustafa\source\repos\komee\komee\Kaynak.cpp(826,33): warning C4018: '<': imzalı/imzasız uyuşmazlığı
C:\Users\Mustafa\source\repos\komee\komee\Kaynak.cpp(838,23): warning C4018: '<': imzalı/imzasız uyuşmazlığı
C:\Users\Mustafa\source\repos\komee\komee\Kaynak.cpp(877,32): warning C4018: '<': imzalı/imzasız uyuşmazlığı
C:\Users\Mustafa\source\repos\komee\komee\Kaynak.cpp(898,20): warning C4018: '<': imzalı/imzasız uyuşmazlığı
C:\Users\Mustafa\source\repos\komee\komee\Kaynak.cpp(921,31): warning C4018: '<': imzalı/imzasız uyuşmazlığı
C:\Users\Mustafa\source\repos\komee\komee\Kaynak.cpp(932,20): warning C4018: '<': imzalı/imzasız uyuşmazlığı
C:\Users\Mustafa\source\repos\komee\komee\Kaynak.cpp(940,26): warning C4018: '<': imzalı/imzasız uyuşmazlığı
C:\Users\Mustafa\source\repos\komee\komee\Kaynak.cpp(958,26): warning C4018: '<': imzalı/imzasız uyuşmazlığı
C:\Users\Mustafa\source\repos\komee\komee\Kaynak.cpp(972,20): warning C4018: '<': imzalı/imzasız uyuşmazlığı
C:\Users\Mustafa\source\repos\komee\komee\Kaynak.cpp(980,26): warning C4018: '<': imzalı/imzasız uyuşmazlığı
C:\Users\Mustafa\source\repos\komee\komee\Kaynak.cpp(998,26): warning C4018: '<': imzalı/imzasız uyuşmazlığı
  Kod üretiliyor
  3 of 238 functions ( 1.3%) were compiled, the rest were copied from previous compilation.
    0 functions were new in current compilation
    2 functions had inline decision re-evaluated but remain unchanged
  Kodun üretilmesi tamamlandı
  komee.vcxproj -> C:\Users\Mustafa\source\repos\komee\Release\komee.exe
